<?xml version="1.0" encoding="UTF-8"?>
<!-- Generated by org.testng.reporters.JUnitXMLReporter -->
<testsuite hostname="PC-20190212QEES" ignored="0" name="Test" tests="6" failures="1" timestamp="14 七月 2019 15:01:37 GMT" time="0.044" errors="0">
  <testcase name="t" time="0.01" classname="com.jenkins.TestNg1"/>
  <testcase name="t" time="0.001" classname="com.jenkins.TestNg2"/>
  <testcase name="t" time="0.002" classname="com.jenkins.TestNg3"/>
  <testcase name="t" time="0.001" classname="com.jenkins.TestNg4">
    <failure type="java.lang.AssertionError" message="expected [true] but found [false]">
      <![CDATA[java.lang.AssertionError: expected [true] but found [false]
at com.jenkins.TestNg4.t(TestNg4.java:12)
... Removed 29 stack frames]]>
    </failure>
  </testcase> <!-- t -->
  <testcase name="t" time="0.001" classname="com.jenkins.TestNg5"/>
  <testcase name="t" time="0.001" classname="com.jenkins.TestNg6"/>
</testsuite> <!-- Test -->
