<?xml version="1.0" encoding="UTF-8"?>
<!-- Generated by org.testng.reporters.JUnitXMLReporter -->
<testsuite hostname="PC-20190212QEES" ignored="0" name="tt" tests="6" failures="0" timestamp="15 七月 2019 13:05:27 GMT" time="0.048" errors="0">
  <testcase name="t" time="0.009" classname="com.jenkins.TestNg1"/>
  <testcase name="t" time="0.001" classname="com.jenkins.TestNg2"/>
  <testcase name="t" time="0.001" classname="com.jenkins.TestNg3"/>
  <testcase name="t" time="0.001" classname="com.jenkins.TestNg4"/>
  <testcase name="t" time="0.001" classname="com.jenkins.TestNg5"/>
  <testcase name="t" time="0.002" classname="com.jenkins.TestNg6"/>
</testsuite> <!-- tt -->
