<?xml version="1.0" encoding="UTF-8"?>
<testng-results skipped="0" failed="0" ignored="0" total="6" passed="6">
  <reporter-output>
  </reporter-output>
  <suite name="Suite" duration-ms="48" started-at="2019-07-15T13:05:27Z" finished-at="2019-07-15T13:05:27Z">
    <groups>
    </groups>
    <test name="tt" duration-ms="48" started-at="2019-07-15T13:05:27Z" finished-at="2019-07-15T13:05:27Z">
      <class name="com.jenkins.TestNg4">
        <test-method status="PASS" signature="t()[pri:0, instance:com.jenkins.TestNg4@4678c730]" name="t" duration-ms="1" started-at="2019-07-15T13:05:27Z" finished-at="2019-07-15T13:05:27Z">
          <reporter-output>
          </reporter-output>
        </test-method> <!-- t -->
      </class> <!-- com.jenkins.TestNg4 -->
      <class name="com.jenkins.TestNg5">
        <test-method status="PASS" signature="t()[pri:0, instance:com.jenkins.TestNg5@6767c1fc]" name="t" duration-ms="1" started-at="2019-07-15T13:05:27Z" finished-at="2019-07-15T13:05:27Z">
          <reporter-output>
          </reporter-output>
        </test-method> <!-- t -->
      </class> <!-- com.jenkins.TestNg5 -->
      <class name="com.jenkins.TestNg6">
        <test-method status="PASS" signature="t()[pri:0, instance:com.jenkins.TestNg6@29ee9faa]" name="t" duration-ms="2" started-at="2019-07-15T13:05:27Z" finished-at="2019-07-15T13:05:27Z">
          <reporter-output>
          </reporter-output>
        </test-method> <!-- t -->
      </class> <!-- com.jenkins.TestNg6 -->
      <class name="com.jenkins.TestNg1">
        <test-method status="PASS" signature="t()[pri:0, instance:com.jenkins.TestNg1@5c7fa833]" name="t" duration-ms="9" started-at="2019-07-15T13:05:27Z" finished-at="2019-07-15T13:05:27Z">
          <reporter-output>
          </reporter-output>
        </test-method> <!-- t -->
      </class> <!-- com.jenkins.TestNg1 -->
      <class name="com.jenkins.TestNg2">
        <test-method status="PASS" signature="t()[pri:0, instance:com.jenkins.TestNg2@39aeed2f]" name="t" duration-ms="1" started-at="2019-07-15T13:05:27Z" finished-at="2019-07-15T13:05:27Z">
          <reporter-output>
          </reporter-output>
        </test-method> <!-- t -->
      </class> <!-- com.jenkins.TestNg2 -->
      <class name="com.jenkins.TestNg3">
        <test-method status="PASS" signature="t()[pri:0, instance:com.jenkins.TestNg3@724af044]" name="t" duration-ms="1" started-at="2019-07-15T13:05:27Z" finished-at="2019-07-15T13:05:27Z">
          <reporter-output>
          </reporter-output>
        </test-method> <!-- t -->
      </class> <!-- com.jenkins.TestNg3 -->
    </test> <!-- tt -->
  </suite> <!-- Suite -->
</testng-results>
