<?xml version="1.0" encoding="UTF-8"?>
<testng-results skipped="0" failed="0" ignored="0" total="1" passed="1">
  <reporter-output>
  </reporter-output>
  <suite name="Default suite" duration-ms="28" started-at="2019-07-14T10:56:36Z" finished-at="2019-07-14T10:56:36Z">
    <groups>
    </groups>
    <test name="Default test" duration-ms="28" started-at="2019-07-14T10:56:36Z" finished-at="2019-07-14T10:56:36Z">
      <class name="com.jenkins.TestNg1">
        <test-method status="PASS" signature="t()[pri:0, instance:com.jenkins.TestNg1@5419f379]" name="t" duration-ms="9" started-at="2019-07-14T10:56:36Z" finished-at="2019-07-14T10:56:36Z">
          <reporter-output>
          </reporter-output>
        </test-method> <!-- t -->
      </class> <!-- com.jenkins.TestNg1 -->
    </test> <!-- Default test -->
  </suite> <!-- Default suite -->
</testng-results>
